[debug] [2020-01-31T03:06:36.185Z] ----------------------------------------------------------------------
[debug] [2020-01-31T03:06:36.187Z] Command:       C:\Program Files\nodejs\node.exe C:\Users\maria\AppData\Roaming\npm\node_modules\firebase-tools\lib\bin\firebase.js deploy
[debug] [2020-01-31T03:06:36.187Z] CLI Version:   7.11.0
[debug] [2020-01-31T03:06:36.187Z] Platform:      win32
[debug] [2020-01-31T03:06:36.187Z] Node Version:  v12.14.0
[debug] [2020-01-31T03:06:36.188Z] Time:          Thu Jan 30 2020 21:06:36 GMT-0600 (Central Standard Time)
[debug] [2020-01-31T03:06:36.188Z] ----------------------------------------------------------------------
[debug] [2020-01-31T03:06:36.188Z] 
[debug] [2020-01-31T03:06:36.196Z] > command requires scopes: ["email","openid","https://www.googleapis.com/auth/cloudplatformprojects.readonly","https://www.googleapis.com/auth/firebase","https://www.googleapis.com/auth/cloud-platform"]
[debug] [2020-01-31T03:06:36.196Z] > authorizing via signed-in user
[debug] [2020-01-31T03:06:36.196Z] [iam] checking project read-aloud-tracker for permissions ["firebase.projects.get","firebasehosting.sites.update"]
[debug] [2020-01-31T03:06:36.197Z] >>> HTTP REQUEST POST https://cloudresourcemanager.googleapis.com/v1/projects/read-aloud-tracker:testIamPermissions  

[debug] [2020-01-31T03:06:36.477Z] <<< HTTP RESPONSE 200
[debug] [2020-01-31T03:06:36.480Z] >>> HTTP REQUEST GET https://firebase.googleapis.com/v1beta1/projects/read-aloud-tracker  
 
[debug] [2020-01-31T03:06:36.701Z] <<< HTTP RESPONSE 200
[info] 
[info] === Deploying to 'read-aloud-tracker'...
[info] 
[info] i  deploying hosting
[debug] [2020-01-31T03:06:36.708Z] >>> HTTP REQUEST POST https://firebasehosting.googleapis.com/v1beta1/sites/read-aloud-tracker/versions  

[debug] [2020-01-31T03:06:46.978Z] <<< HTTP RESPONSE 503
[debug] [2020-01-31T03:06:46.979Z] <<< HTTP RESPONSE BODY
[error] 
[error] Error: HTTP Error: 503, The service is currently unavailable.
[debug] [2020-01-31T03:06:47.119Z] Error Context: {
  "body": {
    "error": {
      "code": 503,
      "message": "The service is currently unavailable.",
      "status": "UNAVAILABLE"
    }
  },
  "response": {
    "statusCode": 503,
    "body": {
      "error": {
        "code": 503,
        "message": "The service is currently unavailable.",
        "status": "UNAVAILABLE"
      }
    },
    "headers": {
      "vary": "X-Origin, Referer, Origin,Accept-Encoding",
      "content-type": "application/json; charset=UTF-8",
      "date": "Fri, 31 Jan 2020 03:06:44 GMT",
      "server": "ESF",
      "cache-control": "private",
      "x-xss-protection": "0",
      "x-frame-options": "SAMEORIGIN",
      "x-content-type-options": "nosniff",
      "alt-svc": "quic=\":443\"; ma=2592000; v=\"46,43\",h3-Q050=\":443\"; ma=2592000,h3-Q049=\":443\"; ma=2592000,h3-Q048=\":443\"; ma=2592000,h3-Q046=\":443\"; ma=2592000,h3-Q043=\":443\"; ma=2592000",
      "accept-ranges": "none",
      "transfer-encoding": "chunked"
    },
    "request": {
      "uri": {
        "protocol": "https:",
        "slashes": true,
        "auth": null,
        "host": "firebasehosting.googleapis.com",
        "port": 443,
        "hostname": "firebasehosting.googleapis.com",
        "hash": null,
        "search": null,
        "query": null,
        "pathname": "/v1beta1/sites/read-aloud-tracker/versions",
        "path": "/v1beta1/sites/read-aloud-tracker/versions",
        "href": "https://firebasehosting.googleapis.com/v1beta1/sites/read-aloud-tracker/versions"
      },
      "method": "POST"
    }
  }
}
